Tue Jan 30 22:24:57 UTC 2018
Tue Jan 30 22:25:50 UTC 2018
Tue Jan 30 22:26:30 UTC 2018
Tue Jan 30 22:27:04 UTC 2018
Tue Jan 30 22:30:06 UTC 2018
Tue Jan 30 22:31:32 UTC 2018
Tue Jan 30 22:33:11 UTC 2018
Wed Jan 31 13:01:58 UTC 2018
Wed Jan 31 13:44:27 UTC 2018
Thu Feb  1 13:48:25 UTC 2018
Fri Feb  2 16:11:51 UTC 2018
Mon Feb  5 14:33:57 UTC 2018
Mon Feb  5 14:40:43 UTC 2018
Wed Feb  7 14:01:32 UTC 2018
Thu Feb  8 16:23:55 UTC 2018
Fri Feb  9 20:07:17 UTC 2018
Sun Feb 11 18:29:31 UTC 2018
Mon Feb 12 15:20:25 UTC 2018
Mon Feb 12 15:24:18 UTC 2018
Tue Feb 13 21:37:17 UTC 2018
Wed Feb 14 15:07:23 UTC 2018
Wed Feb 14 15:39:54 UTC 2018
Thu Feb 15 19:48:42 UTC 2018
Fri Feb 16 15:44:32 UTC 2018
Sun Feb 18 00:10:08 UTC 2018
Sun Feb 18 21:09:14 UTC 2018
Mon Feb 19 13:10:40 UTC 2018
Tue Feb 20 13:55:18 UTC 2018
Wed Feb 21 13:15:23 UTC 2018
Fri Feb 23 13:32:45 UTC 2018
Sun Feb 25 21:23:52 UTC 2018
Mon Feb 26 11:54:22 UTC 2018
Mon Feb 26 14:08:45 UTC 2018
Tue Feb 27 13:55:33 UTC 2018
Wed Feb 28 19:55:52 UTC 2018
